<?xml version="1.0" encoding="UTF-8"?>
<testng-results ignored="0" total="1" passed="1" failed="0" skipped="0">
  <reporter-output>
  </reporter-output>
  <suite started-at="2023-02-26T00:35:40 BDT" name="Default suite" finished-at="2023-02-26T00:38:04 BDT" duration-ms="144199">
    <groups>
    </groups>
    <test started-at="2023-02-26T00:35:40 BDT" name="Default test" finished-at="2023-02-26T00:38:04 BDT" duration-ms="144199">
      <class name="testCases.SharebusAutomation">
        <test-method is-config="true" signature="setBrowser()[pri:0, instance:testCases.SharebusAutomation@65987993]" started-at="2023-02-26T00:35:40 BDT" name="setBrowser" finished-at="2023-02-26T00:35:42 BDT" duration-ms="2177" status="PASS">
          <reporter-output>
          </reporter-output>
        </test-method> <!-- setBrowser -->
        <test-method signature="automateSharebus()[pri:0, instance:testCases.SharebusAutomation@65987993]" started-at="2023-02-26T00:35:42 BDT" name="automateSharebus" finished-at="2023-02-26T00:38:04 BDT" duration-ms="141915" status="PASS">
          <reporter-output>
          </reporter-output>
        </test-method> <!-- automateSharebus -->
        <test-method is-config="true" signature="quitBrowser()[pri:0, instance:testCases.SharebusAutomation@65987993]" started-at="2023-02-26T00:38:04 BDT" name="quitBrowser" finished-at="2023-02-26T00:38:04 BDT" duration-ms="2" status="PASS">
          <reporter-output>
          </reporter-output>
        </test-method> <!-- quitBrowser -->
      </class> <!-- testCases.SharebusAutomation -->
    </test> <!-- Default test -->
  </suite> <!-- Default suite -->
</testng-results>
